<?xml version="1.0" encoding="UTF-8"?>
<!-- Generated by org.testng.reporters.JUnitXMLReporter -->
<testsuite hostname="ASHWINI-PC" ignored="0" name="Test" tests="1" failures="0" timestamp="12 Sep 2021 10:51:12 GMT" time="0.061" errors="0">
  <testcase name="@BeforeClass setUp" time="0.0" classname="com.gp.pages.BaseClass">
    <failure type="java.lang.NullPointerException">
      <![CDATA[java.lang.NullPointerException
at com.gp.utility.ConfigDataProvider.getBrowser(ConfigDataProvider.java:31)
at com.gp.pages.BaseClass.setUp(BaseClass.java:48)
... Removed 26 stack frames]]>
    </failure>
  </testcase> <!-- @BeforeClass setUp -->
  <testcase name="@AfterMethod teardown" time="0.0" classname="com.gp.pages.BaseClass">
    <skipped/>
  </testcase> <!-- @AfterMethod teardown -->
  <testcase name="@AfterClass tearDown" time="0.0" classname="com.gp.pages.BaseClass">
    <skipped/>
  </testcase> <!-- @AfterClass tearDown -->
  <testcase name="loginApp" time="0.0" classname="com.gp.testcases.LoginTestGP">
    <skipped/>
  </testcase> <!-- loginApp -->
</testsuite> <!-- Test -->
