<?xml version="1.0" encoding="UTF-8"?>
<testng-results skipped="0" failed="0" ignored="0" total="1" passed="1">
  <reporter-output>
    <line>
      <![CDATA[Setting up reportsand test is getting ready]]>
    </line>
    <line>
      <![CDATA[Setting done and test can be started]]>
    </line>
    <line>
      <![CDATA[Trying to start browser and getting application ready]]>
    </line>
    <line>
      <![CDATA[Browser and application is up and running]]>
    </line>
    <line>
      <![CDATA[Test is about to end]]>
    </line>
    <line>
      <![CDATA[Test completed>>Reports generated]]>
    </line>
  </reporter-output>
  <suite name="Default suite" duration-ms="16705" started-at="2021-09-12T10:59:48Z" finished-at="2021-09-12T11:00:05Z">
    <groups>
    </groups>
    <test name="Default test" duration-ms="16705" started-at="2021-09-12T10:59:48Z" finished-at="2021-09-12T11:00:05Z">
      <class name="com.gp.testcases.LoginTestGP">
        <test-method status="PASS" signature="setUpSuite()[pri:0, instance:com.gp.testcases.LoginTestGP@75c072cb]" name="setUpSuite" is-config="true" duration-ms="928" started-at="2021-09-12T10:59:47Z" finished-at="2021-09-12T10:59:48Z">
          <reporter-output>
            <line>
              <![CDATA[Setting up reportsand test is getting ready]]>
            </line>
            <line>
              <![CDATA[Setting done and test can be started]]>
            </line>
          </reporter-output>
        </test-method> <!-- setUpSuite -->
        <test-method status="PASS" signature="setUp()[pri:0, instance:com.gp.testcases.LoginTestGP@75c072cb]" name="setUp" is-config="true" duration-ms="9369" started-at="2021-09-12T10:59:48Z" finished-at="2021-09-12T10:59:58Z">
          <reporter-output>
            <line>
              <![CDATA[Trying to start browser and getting application ready]]>
            </line>
            <line>
              <![CDATA[Browser and application is up and running]]>
            </line>
          </reporter-output>
        </test-method> <!-- setUp -->
        <test-method status="PASS" signature="loginApp()[pri:0, instance:com.gp.testcases.LoginTestGP@75c072cb]" name="loginApp" duration-ms="4881" started-at="2021-09-12T10:59:58Z" finished-at="2021-09-12T11:00:02Z">
          <reporter-output>
          </reporter-output>
        </test-method> <!-- loginApp -->
        <test-method status="PASS" signature="teardown(org.testng.ITestResult)[pri:0, instance:com.gp.testcases.LoginTestGP@75c072cb]" name="teardown" is-config="true" duration-ms="1708" started-at="2021-09-12T11:00:02Z" finished-at="2021-09-12T11:00:04Z">
          <params>
            <param index="0">
              <value>
                <![CDATA[[TestResult name=loginApp status=SUCCESS method=LoginTestGP.loginApp()[pri:0, instance:com.gp.testcases.LoginTestGP@75c072cb] output={null}]]]>
              </value>
            </param>
          </params>
          <reporter-output>
            <line>
              <![CDATA[Test is about to end]]>
            </line>
            <line>
              <![CDATA[Test completed>>Reports generated]]>
            </line>
          </reporter-output>
        </test-method> <!-- teardown -->
        <test-method status="PASS" signature="tearDown()[pri:0, instance:com.gp.testcases.LoginTestGP@75c072cb]" name="tearDown" is-config="true" duration-ms="713" started-at="2021-09-12T11:00:04Z" finished-at="2021-09-12T11:00:05Z">
          <reporter-output>
          </reporter-output>
        </test-method> <!-- tearDown -->
      </class> <!-- com.gp.testcases.LoginTestGP -->
    </test> <!-- Default test -->
  </suite> <!-- Default suite -->
</testng-results>
